#
# An unexpected error has been detected by Java Runtime Environment:
#
#  EXCEPTION_ACCESS_VIOLATION (0xc0000005) at pc=0x6d1de9af, pid=2692, tid=2488
#
# Java VM: Java HotSpot(TM) Client VM (1.6.0_01-b06 mixed mode, sharing)
# Problematic frame:
# C  [awt.dll+0x12e9af]
#
# If you would like to submit a bug report, please visit:
#   http://java.sun.com/webapps/bugreport/crash.jsp
#

---------------  T H R E A D  ---------------

Current thread (0x02a93000):  JavaThread "AWT-EventQueue-1" [_thread_in_native, id=2488]

siginfo: ExceptionCode=0xc0000005, reading address 0x00000004

Registers:
EAX=0x03b9fc64, EBX=0x2b32d2d8, ECX=0x00000000, EDX=0x02a930e8
ESP=0x03b9f5dc, EBP=0x03b9f628, ESI=0x00000000, EDI=0x02a93000
EIP=0x6d1de9af, EFLAGS=0x00010206

Top of Stack: (sp=0x03b9f5dc)
0x03b9f5dc:   2aa9cc20 2b32d2d8 00000000 fff80000
0x03b9f5ec:   00000000 fff80000 00000000 fff80000
0x03b9f5fc:   00000000 fff80000 00000000 fff80000
0x03b9f60c:   00000000 fff80000 00000000 6d194c5c
0x03b9f61c:   03b9fc64 6d1ee5eb ffffffff 03b9f674
0x03b9f62c:   6d1e0122 02a930e8 00000001 2aa9cc20
0x03b9f63c:   0091a460 02a930e8 03b9f68c 00000000
0x03b9f64c:   00000001 774e44e8 03b9f654 00000000 

Instructions: (pc=0x6d1de9af)
0x6d1de99f:   00 50 64 89 25 00 00 00 00 83 ec 38 53 56 8b f1
0x6d1de9af:   8b 4e 04 8b 41 04 83 f8 18 57 89 65 f0 75 29 8b 


Stack: [0x03b50000,0x03ba0000),  sp=0x03b9f5dc,  free space=317k
Native frames: (J=compiled Java code, j=interpreted, Vv=VM code, C=native code)
C  [awt.dll+0x12e9af]
C  [awt.dll+0x130122]
J  sun.awt.Win32GraphicsConfig.getDeviceColorModel()Ljava/awt/image/ColorModel;
j  sun.awt.windows.WComponentPeer.getDeviceColorModel()Ljava/awt/image/ColorModel;+13
j  sun.java2d.windows.Win32SurfaceData.createData(Lsun/awt/windows/WComponentPeer;I)Lsun/java2d/windows/Win32SurfaceData;+1
j  sun.awt.Win32GraphicsConfig.createSurfaceData(Lsun/awt/windows/WComponentPeer;I)Lsun/java2d/SurfaceData;+2
j  sun.awt.windows.WComponentPeer.replaceSurfaceData(I)V+59
j  sun.awt.windows.WComponentPeer.replaceSurfaceData()V+5
j  sun.awt.windows.WComponentPeer.displayChanged()V+1
j  sun.awt.windows.WCanvasPeer.displayChanged()V+9
j  sun.awt.windows.WPanelPeer.displayChanged()V+1
j  sun.awt.windows.WWindowPeer.displayChanged()V+5
j  sun.awt.SunDisplayChanger.notifyListeners()V+65
j  sun.awt.Win32GraphicsDevice.displayChanged()V+24
j  sun.java2d.SunGraphicsEnvironment.displayChanged()V+33
j  sun.awt.Win32GraphicsEnvironment.displayChanged()V+4
j  sun.awt.windows.WToolkit$4.run()V+6
J  java.awt.event.InvocationEvent.dispatch()V
J  java.awt.EventQueue.dispatchEvent(Ljava/awt/AWTEvent;)V
J  java.awt.EventDispatchThread.pumpOneEventForFilters(I)Z
j  java.awt.EventDispatchThread.pumpEventsForFilter(ILjava/awt/Conditional;Ljava/awt/EventFilter;)V+30
j  java.awt.EventDispatchThread.pumpEventsForHierarchy(ILjava/awt/Conditional;Ljava/awt/Component;)V+11
j  java.awt.EventDispatchThread.pumpEvents(ILjava/awt/Conditional;)V+4
j  java.awt.EventDispatchThread.pumpEvents(Ljava/awt/Conditional;)V+3
j  java.awt.EventDispatchThread.run()V+9
v  ~StubRoutines::call_stub

Java frames: (J=compiled Java code, j=interpreted, Vv=VM code)
j  sun.awt.Win32GraphicsDevice.makeColorModel(IZ)Ljava/awt/image/ColorModel;+0
J  sun.awt.Win32GraphicsConfig.getDeviceColorModel()Ljava/awt/image/ColorModel;
j  sun.awt.windows.WComponentPeer.getDeviceColorModel()Ljava/awt/image/ColorModel;+13
j  sun.java2d.windows.Win32SurfaceData.createData(Lsun/awt/windows/WComponentPeer;I)Lsun/java2d/windows/Win32SurfaceData;+1
j  sun.awt.Win32GraphicsConfig.createSurfaceData(Lsun/awt/windows/WComponentPeer;I)Lsun/java2d/SurfaceData;+2
j  sun.awt.windows.WComponentPeer.replaceSurfaceData(I)V+59
j  sun.awt.windows.WComponentPeer.replaceSurfaceData()V+5
j  sun.awt.windows.WComponentPeer.displayChanged()V+1
j  sun.awt.windows.WCanvasPeer.displayChanged()V+9
j  sun.awt.windows.WPanelPeer.displayChanged()V+1
j  sun.awt.windows.WWindowPeer.displayChanged()V+5
j  sun.awt.SunDisplayChanger.notifyListeners()V+65
j  sun.awt.Win32GraphicsDevice.displayChanged()V+24
j  sun.java2d.SunGraphicsEnvironment.displayChanged()V+33
j  sun.awt.Win32GraphicsEnvironment.displayChanged()V+4
j  sun.awt.windows.WToolkit$4.run()V+6
J  java.awt.event.InvocationEvent.dispatch()V
J  java.awt.EventQueue.dispatchEvent(Ljava/awt/AWTEvent;)V
J  java.awt.EventDispatchThread.pumpOneEventForFilters(I)Z
j  java.awt.EventDispatchThread.pumpEventsForFilter(ILjava/awt/Conditional;Ljava/awt/EventFilter;)V+30
j  java.awt.EventDispatchThread.pumpEventsForHierarchy(ILjava/awt/Conditional;Ljava/awt/Component;)V+11
j  java.awt.EventDispatchThread.pumpEvents(ILjava/awt/Conditional;)V+4
j  java.awt.EventDispatchThread.pumpEvents(Ljava/awt/Conditional;)V+3
j  java.awt.EventDispatchThread.run()V+9
v  ~StubRoutines::call_stub

---------------  P R O C E S S  ---------------

Java Threads: ( => current thread )
  0x035d6800 JavaThread "pool-1-thread-1" [_thread_blocked, id=1292]
  0x0359b400 JavaThread "Java Source Worker Thread" [_thread_blocked, id=2672]
  0x02ef8000 JavaThread "Timer-1" [_thread_blocked, id=3760]
  0x00297400 JavaThread "DestroyJavaVM" [_thread_blocked, id=2704]
=>0x02a93000 JavaThread "AWT-EventQueue-1" [_thread_in_native, id=2488]
  0x02f9f000 JavaThread "TimerQueue" daemon [_thread_blocked, id=3640]
  0x02ed5800 JavaThread "Thread-3" daemon [_thread_blocked, id=3356]
  0x02fa2000 JavaThread "AWT-Windows" daemon [_thread_in_native, id=3132]
  0x02fa1400 JavaThread "AWT-Shutdown" [_thread_blocked, id=2776]
  0x02f51c00 JavaThread "Java2D Disposer" daemon [_thread_blocked, id=3156]
  0x02b2ac00 JavaThread "Active Reference Queue Daemon" daemon [_thread_blocked, id=3104]
  0x02dc5000 JavaThread "Timer-0" daemon [_thread_blocked, id=2344]
  0x02dc7800 JavaThread "CLI Requests Server" daemon [_thread_in_native, id=1208]
  0x02a5e000 JavaThread "Low Memory Detector" daemon [_thread_blocked, id=2168]
  0x02a59400 JavaThread "CompilerThread0" daemon [_thread_blocked, id=2328]
  0x02a58000 JavaThread "Attach Listener" daemon [_thread_blocked, id=2228]
  0x02a57400 JavaThread "Signal Dispatcher" daemon [_thread_blocked, id=2668]
  0x02a52800 JavaThread "Finalizer" daemon [_thread_blocked, id=2548]
  0x02a4e400 JavaThread "Reference Handler" daemon [_thread_blocked, id=2192]

Other Threads:
  0x02a45000 VMThread [id=2684]
  0x02a68800 WatcherThread [id=2868]

VM state:not at safepoint (normal execution)

VM Mutex/Monitor currently owned by a thread: None

Heap
 def new generation   total 2048K, used 206K [0x22960000, 0x22b90000, 0x22e40000)
  eden space 1856K,  10% used [0x22960000, 0x2298f5e8, 0x22b30000)
  from space 192K,   8% used [0x22b60000, 0x22b64278, 0x22b90000)
  to   space 192K,   0% used [0x22b30000, 0x22b30000, 0x22b60000)
 tenured generation   total 26276K, used 14014K [0x22e40000, 0x247e9000, 0x26960000)
   the space 26276K,  53% used [0x22e40000, 0x23bef850, 0x23befa00, 0x247e9000)
 compacting perm gen  total 20736K, used 20579K [0x26960000, 0x27da0000, 0x2a960000)
   the space 20736K,  99% used [0x26960000, 0x27d78dc0, 0x27d78e00, 0x27da0000)
    ro space 8192K,  66% used [0x2a960000, 0x2aeac5d0, 0x2aeac600, 0x2b160000)
    rw space 12288K,  52% used [0x2b160000, 0x2b7a8c98, 0x2b7a8e00, 0x2bd60000)

Dynamic libraries:
0x00400000 - 0x00423000 	C:\Program Files\Java\jdk1.6.0_01\jre\bin\java.exe
0x7c900000 - 0x7c9b0000 	C:\WINDOWS\system32\ntdll.dll
0x7c800000 - 0x7c8f4000 	C:\WINDOWS\system32\kernel32.dll
0x77dd0000 - 0x77e6b000 	C:\WINDOWS\system32\ADVAPI32.dll
0x77e70000 - 0x77f01000 	C:\WINDOWS\system32\RPCRT4.dll
0x7c340000 - 0x7c396000 	C:\Program Files\Java\jdk1.6.0_01\jre\bin\msvcr71.dll
0x6d870000 - 0x6dab7000 	C:\Program Files\Java\jdk1.6.0_01\jre\bin\client\jvm.dll
0x77d40000 - 0x77dd0000 	C:\WINDOWS\system32\USER32.dll
0x77f10000 - 0x77f56000 	C:\WINDOWS\system32\GDI32.dll
0x76b40000 - 0x76b6d000 	C:\WINDOWS\system32\WINMM.dll
0x6d3c0000 - 0x6d3c8000 	C:\Program Files\Java\jdk1.6.0_01\jre\bin\hpi.dll
0x76bf0000 - 0x76bfb000 	C:\WINDOWS\system32\PSAPI.DLL
0x6d820000 - 0x6d82c000 	C:\Program Files\Java\jdk1.6.0_01\jre\bin\verify.dll
0x6d460000 - 0x6d47f000 	C:\Program Files\Java\jdk1.6.0_01\jre\bin\java.dll
0x6d860000 - 0x6d86f000 	C:\Program Files\Java\jdk1.6.0_01\jre\bin\zip.dll
0x6d620000 - 0x6d633000 	C:\Program Files\Java\jdk1.6.0_01\jre\bin\net.dll
0x71ab0000 - 0x71ac7000 	C:\WINDOWS\system32\WS2_32.dll
0x77c10000 - 0x77c68000 	C:\WINDOWS\system32\msvcrt.dll
0x71aa0000 - 0x71aa8000 	C:\WINDOWS\system32\WS2HELP.dll
0x76d60000 - 0x76d79000 	C:\WINDOWS\system32\iphlpapi.dll
0x76d40000 - 0x76d58000 	C:\WINDOWS\system32\MPRAPI.dll
0x77cc0000 - 0x77cf2000 	C:\WINDOWS\system32\ACTIVEDS.dll
0x76e10000 - 0x76e35000 	C:\WINDOWS\system32\adsldpc.dll
0x5b860000 - 0x5b8b4000 	C:\WINDOWS\system32\NETAPI32.dll
0x76f60000 - 0x76f8c000 	C:\WINDOWS\system32\WLDAP32.dll
0x76b20000 - 0x76b31000 	C:\WINDOWS\system32\ATL.DLL
0x774e0000 - 0x7761c000 	C:\WINDOWS\system32\ole32.dll
0x77120000 - 0x771ac000 	C:\WINDOWS\system32\OLEAUT32.dll
0x76e80000 - 0x76e8e000 	C:\WINDOWS\system32\rtutils.dll
0x71bf0000 - 0x71c03000 	C:\WINDOWS\system32\SAMLIB.dll
0x77920000 - 0x77a13000 	C:\WINDOWS\system32\SETUPAPI.dll
0x71a50000 - 0x71a8f000 	C:\WINDOWS\system32\mswsock.dll
0x662b0000 - 0x66308000 	C:\WINDOWS\system32\hnetcfg.dll
0x71a90000 - 0x71a98000 	C:\WINDOWS\System32\wshtcpip.dll
0x0ffd0000 - 0x0fff8000 	C:\WINDOWS\system32\rsaenh.dll
0x769c0000 - 0x76a73000 	C:\WINDOWS\system32\USERENV.dll
0x76f20000 - 0x76f47000 	C:\WINDOWS\system32\DNSAPI.dll
0x76fb0000 - 0x76fb8000 	C:\WINDOWS\System32\winrnr.dll
0x16080000 - 0x16099000 	C:\Program Files\Bonjour\mdnsNSP.dll
0x76fc0000 - 0x76fc6000 	C:\WINDOWS\system32\rasadhlp.dll
0x6d0b0000 - 0x6d273000 	C:\Program Files\Java\jdk1.6.0_01\jre\bin\awt.dll
0x73000000 - 0x73026000 	C:\WINDOWS\system32\WINSPOOL.DRV
0x76390000 - 0x763ad000 	C:\WINDOWS\system32\IMM32.dll
0x5ad70000 - 0x5ada8000 	C:\WINDOWS\system32\uxtheme.dll
0x73760000 - 0x737a9000 	C:\WINDOWS\system32\ddraw.dll
0x73bc0000 - 0x73bc6000 	C:\WINDOWS\system32\DCIMAN32.dll
0x6d360000 - 0x6d3b3000 	C:\Program Files\Java\jdk1.6.0_01\jre\bin\fontmanager.dll
0x6d2a0000 - 0x6d2cf000 	C:\Program Files\Java\jdk1.6.0_01\jre\bin\cmm.dll
0x6d500000 - 0x6d524000 	C:\Program Files\Java\jdk1.6.0_01\jre\bin\jpeg.dll
0x6d640000 - 0x6d649000 	C:\Program Files\Java\jdk1.6.0_01\jre\bin\nio.dll
0x74720000 - 0x7476b000 	C:\WINDOWS\system32\MSCTF.dll
0x7c9c0000 - 0x7d1d4000 	C:\WINDOWS\system32\shell32.dll
0x77f60000 - 0x77fd6000 	C:\WINDOWS\system32\SHLWAPI.dll
0x773d0000 - 0x774d2000 	C:\WINDOWS\WinSxS\x86_Microsoft.Windows.Common-Controls_6595b64144ccf1df_6.0.2600.2180_x-ww_a84f1ff9\comctl32.dll
0x5d090000 - 0x5d127000 	C:\WINDOWS\system32\comctl32.dll
0x71b20000 - 0x71b32000 	C:\WINDOWS\system32\MPR.dll
0x75f60000 - 0x75f67000 	C:\WINDOWS\System32\drprov.dll
0x71c10000 - 0x71c1e000 	C:\WINDOWS\System32\ntlanman.dll
0x71cd0000 - 0x71ce7000 	C:\WINDOWS\System32\NETUI0.dll
0x71c90000 - 0x71cd0000 	C:\WINDOWS\System32\NETUI1.dll
0x71c80000 - 0x71c87000 	C:\WINDOWS\System32\NETRAP.dll
0x75f70000 - 0x75f79000 	C:\WINDOWS\System32\davclnt.dll
0x10000000 - 0x10014000 	C:\WINDOWS\system32\LMIRfsClientNP.dll
0x77b40000 - 0x77b62000 	C:\WINDOWS\system32\appHelp.dll
0x5a500000 - 0x5a54e000 	C:\Program Files\MSN Messenger\fsshext.8.1.0178.00.dll
0x78130000 - 0x781cb000 	C:\WINDOWS\WinSxS\x86_Microsoft.VC80.CRT_1fc8b3b9a1e18e3b_8.0.50727.762_x-ww_6b128700\MSVCR80.dll
0x4ec50000 - 0x4edf3000 	C:\WINDOWS\WinSxS\x86_Microsoft.Windows.GdiPlus_6595b64144ccf1df_1.0.2600.2180_x-ww_522f9f82\gdiplus.dll
0x76fd0000 - 0x7704f000 	C:\WINDOWS\system32\CLBCATQ.DLL
0x77050000 - 0x77115000 	C:\WINDOWS\system32\COMRes.dll
0x77c00000 - 0x77c08000 	C:\WINDOWS\system32\VERSION.dll
0x03de0000 - 0x03e64000 	C:\Program Files\TortoiseSVN\bin\tortoisesvn.dll
0x771b0000 - 0x77256000 	C:\WINDOWS\system32\WININET.dll
0x77a80000 - 0x77b14000 	C:\WINDOWS\system32\CRYPT32.dll
0x77b20000 - 0x77b32000 	C:\WINDOWS\system32\MSASN1.dll
0x6eec0000 - 0x6eee2000 	C:\Program Files\TortoiseSVN\bin\libapr_tsvn.dll
0x6ee60000 - 0x6ee89000 	C:\Program Files\TortoiseSVN\bin\libaprutil_tsvn.dll
0x6ee50000 - 0x6ee5e000 	C:\Program Files\TortoiseSVN\bin\libapriconv_tsvn.dll
0x03eb0000 - 0x03ebc000 	C:\Program Files\TortoiseSVN\bin\intl3_svn.dll
0x7c420000 - 0x7c4a7000 	C:\WINDOWS\WinSxS\x86_Microsoft.VC80.CRT_1fc8b3b9a1e18e3b_8.0.50727.762_x-ww_6b128700\MSVCP80.dll
0x76780000 - 0x76789000 	C:\WINDOWS\system32\SHFOLDER.dll
0x6ee40000 - 0x6ee46000 	C:\Program Files\TortoiseSVN\iconv\_tbl_simple.so
0x6e060000 - 0x6e067000 	C:\Program Files\TortoiseSVN\iconv\windows-1252.so
0x6ed50000 - 0x6ed56000 	C:\Program Files\TortoiseSVN\iconv\utf-8.so
0x76980000 - 0x76988000 	C:\WINDOWS\system32\LINKINFO.dll
0x76990000 - 0x769b5000 	C:\WINDOWS\system32\ntshrui.dll

VM Arguments:
jvm_args: -Dnetbeans.logger.console=true -ea -Djdk.home=C:\Program Files\Java\jdk1.6.0_01 -Dnetbeans.home=C:\Program Files\NetBeans 6.0 200706190000\platform7 -Dnetbeans.dirs=C:\Documents and Settings\Administrator\My Documents\NetBeansProjects\gjava\build\cluster;C:\Program Files\NetBeans 6.0 200706190000\ide8;C:\Program Files\NetBeans 6.0 200706190000\java1;C:\Program Files\NetBeans 6.0 200706190000\nb6.0 -Dnetbeans.user=C:\Documents and Settings\Administrator\My Documents\NetBeansProjects\gjava\build\testuserdir -Dnetbeans.system_http_proxy=DIRECT -Dnetbeans.system_http_non_proxy_hosts= -Dsun.awt.keepWorkingSetOnMinimize=true
java_command: org/netbeans/Main --branding gjava
Launcher Type: SUN_STANDARD

Environment Variables:
CLASSPATH=.;C:\Program Files\Java\jre1.6.0_01\lib\ext\QTJava.zip
PATH=C:\WINDOWS\system32;C:\WINDOWS;C:\WINDOWS\System32\Wbem;C:\Program Files\Common Files\Adobe\AGL;C:\Program Files\QuickTime\QTSystem\;C:\Program Files\Java\jdk1.6.0_01\bin;C:\Program Files\Subversion\bin\svn.exe
USERNAME=Administrator
OS=Windows_NT
PROCESSOR_IDENTIFIER=x86 Family 15 Model 4 Stepping 9, GenuineIntel



---------------  S Y S T E M  ---------------

OS: Windows XP Build 2600 Service Pack 2

CPU:total 2 family 15, cmov, cx8, fxsr, mmx, sse, sse2, ht

Memory: 4k page, physical 523500k(61232k free), swap 1279976k(530664k free)

vm_info: Java HotSpot(TM) Client VM (1.6.0_01-b06) for windows-x86, built on Mar 14 2007 00:24:02 by "java_re" with unknown MS VC++:1310

