Exception in thread "AWT-EventQueue-0" java.lang.NoClassDefFoundError: com/sun/tools/javac/Main
	at org.gcreator.compilers.GJava.run(GJava.java:526)
	at org.gcreator.plugins.Progress$1.run(Progress.java:40)
	at org.gcreator.plugins.Progress.run(Progress.java:36)
	at org.gcreator.plugins.PlatformCore.startprogress(PlatformCore.java:941)
	at org.gcreator.compilers.GJava$2.actionPerformed(GJava.java:389)
	at javax.swing.AbstractButton.fireActionPerformed(AbstractButton.java:1995)
	at javax.swing.AbstractButton$Handler.actionPerformed(AbstractButton.java:2318)
	at javax.swing.DefaultButtonModel.fireActionPerformed(DefaultButtonModel.java:387)
	at javax.swing.DefaultButtonModel.setPressed(DefaultButtonModel.java:242)
	at javax.swing.AbstractButton.doClick(AbstractButton.java:357)
	at javax.swing.plaf.basic.BasicMenuItemUI.doClick(BasicMenuItemUI.java:1220)
	at javax.swing.plaf.basic.BasicMenuItemUI$Handler.mouseReleased(BasicMenuItemUI.java:1261)
	at java.awt.Component.processMouseEvent(Component.java:6041)
	at javax.swing.JComponent.processMouseEvent(JComponent.java:3265)
	at java.awt.Component.processEvent(Component.java:5806)
	at java.awt.Container.processEvent(Container.java:2058)
	at java.awt.Component.dispatchEventImpl(Component.java:4413)
	at java.awt.Container.dispatchEventImpl(Container.java:2116)
	at java.awt.Component.dispatchEvent(Component.java:4243)
	at java.awt.LightweightDispatcher.retargetMouseEvent(Container.java:4322)
	at java.awt.LightweightDispatcher.processMouseEvent(Container.java:3986)
	at java.awt.LightweightDispatcher.dispatchEvent(Container.java:3916)
	at java.awt.Container.dispatchEventImpl(Container.java:2102)
	at java.awt.Window.dispatchEventImpl(Window.java:2440)
	at java.awt.Component.dispatchEvent(Component.java:4243)
	at java.awt.EventQueue.dispatchEvent(EventQueue.java:599)
	at java.awt.EventDispatchThread.pumpOneEventForFilters(EventDispatchThread.java:273)
	at java.awt.EventDispatchThread.pumpEventsForFilter(EventDispatchThread.java:183)
	at java.awt.EventDispatchThread.pumpEventsForHierarchy(EventDispatchThread.java:173)
	at java.awt.EventDispatchThread.pumpEvents(EventDispatchThread.java:168)
	at java.awt.EventDispatchThread.pumpEvents(EventDispatchThread.java:160)
	at java.awt.EventDispatchThread.run(EventDispatchThread.java:121)
Caused by: java.lang.ClassNotFoundException: com.sun.tools.javac.Main
	at java.net.URLClassLoader$1.run(URLClassLoader.java:200)
	at java.security.AccessController.doPrivileged(Native Method)
	at java.net.URLClassLoader.findClass(URLClassLoader.java:188)
	at java.lang.ClassLoader.loadClass(ClassLoader.java:306)
	at java.lang.ClassLoader.loadClass(ClassLoader.java:251)
	at java.lang.ClassLoader.loadClassInternal(ClassLoader.java:319)
	... 32 more
Exception in thread "AWT-EventQueue-0" java.lang.NoClassDefFoundError: com/sun/tools/javac/Main
	at org.gcreator.compilers.GJava.run(GJava.java:526)
	at org.gcreator.plugins.Progress$1.run(Progress.java:40)
	at org.gcreator.plugins.Progress.run(Progress.java:36)
	at org.gcreator.plugins.PlatformCore.startprogress(PlatformCore.java:941)
	at org.gcreator.compilers.GJava$2.actionPerformed(GJava.java:389)
	at javax.swing.AbstractButton.fireActionPerformed(AbstractButton.java:1995)
	at javax.swing.AbstractButton$Handler.actionPerformed(AbstractButton.java:2318)
	at javax.swing.DefaultButtonModel.fireActionPerformed(DefaultButtonModel.java:387)
	at javax.swing.DefaultButtonModel.setPressed(DefaultButtonModel.java:242)
	at javax.swing.AbstractButton.doClick(AbstractButton.java:357)
	at javax.swing.plaf.basic.BasicMenuItemUI.doClick(BasicMenuItemUI.java:1220)
	at javax.swing.plaf.basic.BasicMenuItemUI$Handler.mouseReleased(BasicMenuItemUI.java:1261)
	at java.awt.Component.processMouseEvent(Component.java:6041)
	at javax.swing.JComponent.processMouseEvent(JComponent.java:3265)
	at java.awt.Component.processEvent(Component.java:5806)
	at java.awt.Container.processEvent(Container.java:2058)
	at java.awt.Component.dispatchEventImpl(Component.java:4413)
	at java.awt.Container.dispatchEventImpl(Container.java:2116)
	at java.awt.Component.dispatchEvent(Component.java:4243)
	at java.awt.LightweightDispatcher.retargetMouseEvent(Container.java:4322)
	at java.awt.LightweightDispatcher.processMouseEvent(Container.java:3986)
	at java.awt.LightweightDispatcher.dispatchEvent(Container.java:3916)
	at java.awt.Container.dispatchEventImpl(Container.java:2102)
	at java.awt.Window.dispatchEventImpl(Window.java:2440)
	at java.awt.Component.dispatchEvent(Component.java:4243)
	at java.awt.EventQueue.dispatchEvent(EventQueue.java:599)
	at java.awt.EventDispatchThread.pumpOneEventForFilters(EventDispatchThread.java:273)
	at java.awt.EventDispatchThread.pumpEventsForFilter(EventDispatchThread.java:183)
	at java.awt.EventDispatchThread.pumpEventsForHierarchy(EventDispatchThread.java:173)
	at java.awt.EventDispatchThread.pumpEvents(EventDispatchThread.java:168)
	at java.awt.EventDispatchThread.pumpEvents(EventDispatchThread.java:160)
	at java.awt.EventDispatchThread.run(EventDispatchThread.java:121)
Caused by: java.lang.ClassNotFoundException: com.sun.tools.javac.Main
	at java.net.URLClassLoader$1.run(URLClassLoader.java:200)
	at java.security.AccessController.doPrivileged(Native Method)
	at java.net.URLClassLoader.findClass(URLClassLoader.java:188)
	at java.lang.ClassLoader.loadClass(ClassLoader.java:306)
	at java.lang.ClassLoader.loadClass(ClassLoader.java:251)
	at java.lang.ClassLoader.loadClassInternal(ClassLoader.java:319)
	... 32 more
